<?xml version="1.0" encoding="UTF-8"?>
<!-- Generated by org.testng.reporters.JUnitReportReporter -->
<testsuite skipped="0" hostname="FireBreaks-MacBook-Pro.local" name="com.dropDownWeb.Project" tests="1" failures="0" timestamp="10 Sep 2022 17:15:50 GMT" time="3.167" errors="0">
  <testcase name="seacrh" time="3.167" classname="com.dropDownWeb.Project"/>
</testsuite> <!-- com.dropDownWeb.Project -->
